2022/09/08 08:10:53 Добавление нового ресурса:  1662599453-bed776f694f6b257e62fe023f18005fe
2022/09/08 08:11:42 Добавление нового ресурса:  1662599502-606538c2e318b0859dfdeb0405d5ee62
2022/09/08 08:11:56 Просмотр ресурса:  1662599453-bed776f694f6b257e62fe023f18005fe
2022/09/08 08:11:57 Просмотр ресурса:  1662599502-606538c2e318b0859dfdeb0405d5ee62
2022/09/12 08:13:58 Просмотр ресурса:  1662599453-bed776f694f6b257e62fe023f18005fe
2022/09/12 08:14:01 Просмотр ресурса:  1662599502-606538c2e318b0859dfdeb0405d5ee62
2022/09/12 08:14:07 Удаление ресурса:  1662599453-bed776f694f6b257e62fe023f18005fe
2022/09/12 08:14:12 Просмотр ресурса:  1662599502-606538c2e318b0859dfdeb0405d5ee62
2022/09/12 08:15:54 Просмотр ресурса:  1662599502-606538c2e318b0859dfdeb0405d5ee62
2022/09/13 07:11:39 Просмотр ресурса:  1662599502-606538c2e318b0859dfdeb0405d5ee62
2022/09/13 07:28:03 Редактирование ресурса:  1662599502-606538c2e318b0859dfdeb0405d5ee62
2022/09/13 07:28:13 Редактирование ресурса:  1662599502-606538c2e318b0859dfdeb0405d5ee62
2022/09/13 07:28:13 Редактирование ресурса:  1662599502-606538c2e318b0859dfdeb0405d5ee62
2022/09/13 07:28:14 Редактирование ресурса:  1662599502-606538c2e318b0859dfdeb0405d5ee62
2022/09/13 07:28:17 Редактирование ресурса:  1662599502-606538c2e318b0859dfdeb0405d5ee62
2022/09/13 07:28:18 Редактирование ресурса:  1662599502-606538c2e318b0859dfdeb0405d5ee62
2022/09/13 07:28:22 Редактирование ресурса:  1662599502-606538c2e318b0859dfdeb0405d5ee62
2022/09/13 07:31:49 Редактирование ресурса:  1662599502-606538c2e318b0859dfdeb0405d5ee62
2022/09/13 07:38:10 Удаление ресурса:  1662599502-606538c2e318b0859dfdeb0405d5ee62
2022/09/13 07:39:36 Добавление нового ресурса:  1663029576-bda8a6068e1fca4fab225969fcc97509
2022/09/13 07:42:19 Редактирование ресурса:  1663029576-bda8a6068e1fca4fab225969fcc97509
2022/09/13 07:42:22 Редактирование ресурса:  
2022/09/13 07:44:47 Редактирование ресурса:  1663029576-bda8a6068e1fca4fab225969fcc97509
2022/09/13 07:49:54 Редактирование ресурса:  1663029576-bda8a6068e1fca4fab225969fcc97509
2022/09/13 07:49:57 Редактирование ресурса:  
2022/09/13 08:07:22 Просмотр ресурса:  1663029576-bda8a6068e1fca4fab225969fcc97509
2022/09/13 08:11:36 Просмотр ресурса:  1663029576-bda8a6068e1fca4fab225969fcc97509
2022/09/13 08:11:57 Просмотр ресурса:  1663029576-bda8a6068e1fca4fab225969fcc97509
2022/09/13 08:24:12 Редактирование ресурса:  
2022/09/13 08:24:27 Редактирование ресурса:  
2022/09/13 08:27:17 Редактирование ресурса:  
2022/09/13 08:27:20 Просмотр ресурса:  
2022/09/13 08:27:35 Редактирование ресурса:  
2022/09/13 08:27:38 Просмотр ресурса:  
2022/09/13 08:27:48 Просмотр ресурса:  
2022/09/13 08:29:11 Редактирование ресурса:  
2022/09/13 08:29:14 Просмотр ресурса:  
2022/09/13 08:29:25 Редактирование ресурса:  
2022/09/13 08:29:28 Просмотр ресурса:  
2022/09/13 08:42:46 Редактирование ресурса:  
2022/09/13 08:42:49 Просмотр ресурса:  
2022/09/13 08:43:45 Редактирование ресурса:  
2022/09/13 08:43:48 Просмотр ресурса:  
2022/09/13 08:43:57 Редактирование ресурса:  
2022/09/13 08:44:00 Просмотр ресурса:  
2022/09/13 08:44:38 Редактирование ресурса:  
2022/09/13 08:44:41 Просмотр ресурса:  
2022/09/13 08:46:21 Редактирование ресурса:  
2022/09/13 08:46:25 Просмотр ресурса:  
2022/09/13 08:47:15 Редактирование ресурса:  
2022/09/13 08:47:18 Просмотр ресурса:  
2022/09/13 08:49:16 Редактирование ресурса:  
2022/09/13 08:49:19 Просмотр ресурса:  
2022/09/14 07:18:26 Редактирование ресурса:  
2022/09/14 07:18:29 Просмотр ресурса:  
2022/09/14 07:23:49 Редактирование ресурса:  
2022/09/14 07:23:52 Просмотр ресурса:  
2022/09/14 07:27:20 Редактирование ресурса:  
2022/09/14 07:27:23 Просмотр ресурса:  
2022/09/14 07:28:47 Редактирование ресурса:  
2022/09/14 07:28:50 Просмотр ресурса:  
2022/09/14 07:29:03 Редактирование ресурса:  
2022/09/14 07:29:06 Просмотр ресурса:  
2022/09/14 07:30:22 Редактирование ресурса:  
2022/09/14 07:30:25 Просмотр ресурса:  
2022/09/14 07:33:04 Редактирование ресурса:  
2022/09/14 07:33:07 Просмотр ресурса:  
2022/09/14 07:44:11 Редактирование ресурса:  1663029576-bda8a6068e1fca4fab225969fcc97509
2022/09/14 07:44:14 Просмотр ресурса:  1663029576-bda8a6068e1fca4fab225969fcc97509
2022/09/14 07:51:28 Редактирование ресурса:  1663029576-bda8a6068e1fca4fab225969fcc97509
2022/09/14 07:51:32 Просмотр ресурса:  1663029576-bda8a6068e1fca4fab225969fcc97509
2022/09/14 07:52:14 Редактирование ресурса:  1663029576-bda8a6068e1fca4fab225969fcc97509
2022/09/14 07:52:17 Просмотр ресурса:  1663029576-bda8a6068e1fca4fab225969fcc97509
2022/09/14 07:52:28 Редактирование ресурса:  1663029576-bda8a6068e1fca4fab225969fcc97509
2022/09/14 07:52:31 Просмотр ресурса:  1663029576-bda8a6068e1fca4fab225969fcc97509
2022/09/14 07:52:35 Просмотр ресурса:  1663029576-bda8a6068e1fca4fab225969fcc97509
2022/09/14 07:54:24 Редактирование ресурса:  1663029576-bda8a6068e1fca4fab225969fcc97509
2022/09/14 07:54:27 Просмотр ресурса:  1663029576-bda8a6068e1fca4fab225969fcc97509
2022/10/09 19:31:18 Обновление crontab
2022/10/09 19:32:23 Обновление crontab
2022/10/09 19:32:37 Обновление crontab
2022/10/09 19:33:57 Добавление нового ресурса:  1665318837-6b8c74d1f623516f87935a88d15e268b
2022/10/09 19:34:16 Добавление нового ресурса:  1665318856-c6bcf9321395b12dff0544fc2b7afe57
2022/10/09 19:34:30 Обновление crontab
2022/10/09 19:38:12 Обновление crontab
2022/10/09 19:38:47 Обновление crontab
2022/10/09 23:27:46 Обновление crontab
2022/10/09 23:28:29 Обновление crontab
2022/10/09 23:28:31 Обновление crontab
2022/10/09 23:28:32 Обновление crontab
2022/10/09 23:28:32 Обновление crontab
2022/10/09 23:28:32 Обновление crontab
2022/10/09 23:28:32 Обновление crontab
2022/10/09 23:38:02 Обновление crontab
2022/10/09 23:40:11 Обновление crontab
2022/10/09 23:40:12 Обновление crontab
